d:\clone\lab1\lab1\debug\vc142.pdb
d:\clone\lab1\lab1\debug\vc142.idb
d:\clone\lab1\lab1\debug\storage.obj
d:\clone\lab1\lab1\debug\staff_transfer_map.obj
d:\clone\lab1\lab1\debug\staff_transfer.obj
d:\clone\lab1\lab1\debug\staff_map.obj
d:\clone\lab1\lab1\debug\staff.obj
d:\clone\lab1\lab1\debug\specialization_map.obj
d:\clone\lab1\lab1\debug\specialization.obj
d:\clone\lab1\lab1\debug\service_map.obj
d:\clone\lab1\lab1\debug\service.obj
d:\clone\lab1\lab1\debug\materials_map.obj
d:\clone\lab1\lab1\debug\materials.obj
d:\clone\lab1\lab1\debug\master_map.obj
d:\clone\lab1\lab1\debug\master.obj
d:\clone\lab1\lab1\debug\main.obj
d:\clone\lab1\lab1\debug\db.obj
d:\clone\lab1\lab1\debug\clients_map.obj
d:\clone\lab1\lab1\debug\clients.obj
d:\clone\lab1\debug\lab1.pdb
d:\clone\lab1\lab1\debug\lab1.tlog\cl.command.1.tlog
d:\clone\lab1\lab1\debug\lab1.tlog\cl.read.1.tlog
d:\clone\lab1\lab1\debug\lab1.tlog\cl.write.1.tlog
d:\clone\lab1\lab1\debug\lab1.tlog\link-cvtres.read.1.tlog
d:\clone\lab1\lab1\debug\lab1.tlog\link-cvtres.write.1.tlog
d:\clone\lab1\lab1\debug\lab1.tlog\link-rc.read.1.tlog
d:\clone\lab1\lab1\debug\lab1.tlog\link-rc.write.1.tlog
d:\clone\lab1\lab1\debug\lab1.tlog\link.command.1.tlog
d:\clone\lab1\lab1\debug\lab1.tlog\link.read.1.tlog
d:\clone\lab1\lab1\debug\lab1.tlog\link.write.1.tlog
